<?xml version="1.0" encoding="UTF-8"?>
<!-- Generated by org.testng.reporters.JUnitReportReporter -->
<testsuite skipped="0" hostname="DESKTOP-8D3EO6B" name="FirstTest" tests="1" failures="0" timestamp="2021-06-22T17:22:40 EEST" time="1.995" errors="0">
  <testcase name="firstTest" time="1.995" classname="FirstTest"/>
  <system-out/>
</testsuite> <!-- FirstTest -->
